[11-10-2023 19:33:10.604 INFO] - ------------ Test is starting ------------
[11-10-2023 19:33:18.235 INFO] - ------------ Test STARTED ------------
[11-10-2023 19:33:19.304 INFO] - Click link header menu item Books
[11-10-2023 19:33:19.329 INFO] - Verify String https://demowebshop.tricentis.com/books and https://demowebshop.tricentis.com/books
[11-10-2023 19:33:19.346 INFO] - Get all item's rating value to a list
[11-10-2023 19:33:19.438 INFO] - Sort rating value in list in DESC order
[11-10-2023 19:33:19.439 INFO] - Get current cart's quantity
[11-10-2023 19:33:19.471 INFO] - Add width: 59% via index to cart
[11-10-2023 19:33:20.697 INFO] - Get text of element //div[@id='bar-notification']//p
[11-10-2023 19:33:20.797 INFO] - Verify cart is increased
[11-10-2023 19:33:20.797 INFO] - Get current cart's quantity
[11-10-2023 19:33:20.839 INFO] - Verify if true is true
[11-10-2023 19:33:20.840 INFO] - Get current cart's quantity
[11-10-2023 19:33:20.878 INFO] - Add width: 55% via index to cart
[11-10-2023 19:33:22.104 INFO] - Get text of element //div[@id='bar-notification']//p
[11-10-2023 19:33:22.147 INFO] - Verify cart is increased
[11-10-2023 19:33:22.147 INFO] - Get current cart's quantity
[11-10-2023 19:33:22.164 INFO] - Verify if true is true
[11-10-2023 19:33:22.165 INFO] - Hover mouse on shopping cart
[11-10-2023 19:33:26.716 INFO] - Get all item name into a list
[11-10-2023 19:33:26.857 INFO] - Get current item names in shopping cart
[11-10-2023 19:33:26.920 INFO] - Check if item is in the list
[11-10-2023 19:33:26.921 INFO] - Get current item names in shopping cart
[11-10-2023 19:33:26.956 INFO] - Verify if false is true
[11-10-2023 19:33:26.960 INFO] - --------------- TC02_Book_AddToCart_HighestRate FAILED -----------------
[11-10-2023 19:33:27.377 INFO] - ------------ Test FINISHED ------------
