[11-10-2023 18:09:53.870 INFO] - ------------ Test is starting ------------
[11-10-2023 18:10:00.711 INFO] - ------------ Test STARTED ------------
[11-10-2023 18:10:00.739 INFO] - Click link: //a[@class='ico-login']
[11-10-2023 18:10:43.510 INFO] - Verify if true is true
[11-10-2023 18:10:43.518 INFO] - --------------- TC01_Login_Success SUCCESS -----------------
[11-10-2023 18:10:48.496 INFO] - ------------ Test STARTED ------------
[11-10-2023 18:10:48.499 INFO] - Click link: //a[@class='ico-login']
[11-10-2023 18:11:31.050 INFO] - Verify if true is true
[11-10-2023 18:11:31.051 INFO] - --------------- TC01_Login_Success SUCCESS -----------------
[11-10-2023 18:11:36.892 INFO] - ------------ Test STARTED ------------
[11-10-2023 18:11:36.897 INFO] - Click link: //a[@class='ico-login']
[11-10-2023 18:12:18.317 INFO] - Verify if true is true
[11-10-2023 18:12:18.317 INFO] - --------------- TC01_Login_Success SUCCESS -----------------
[11-10-2023 18:12:24.312 INFO] - ------------ Test STARTED ------------
[11-10-2023 18:12:24.315 INFO] - Click link: //a[@class='ico-login']
[11-10-2023 18:13:05.630 INFO] - Verify if true is true
[11-10-2023 18:13:05.630 INFO] - --------------- TC01_Login_Success SUCCESS -----------------
[11-10-2023 18:13:10.898 INFO] - ------------ Test STARTED ------------
[11-10-2023 18:13:10.900 INFO] - Click link: //a[@class='ico-login']
[11-10-2023 18:13:52.245 INFO] - Verify if true is true
[11-10-2023 18:13:52.245 INFO] - --------------- TC01_Login_Success SUCCESS -----------------
[11-10-2023 18:13:57.950 INFO] - ------------ Test STARTED ------------
[11-10-2023 18:13:57.954 INFO] - Click link: //a[@class='ico-login']
[11-10-2023 18:14:38.743 INFO] - Verify if true is true
[11-10-2023 18:14:38.744 INFO] - --------------- TC01_Login_Success SUCCESS -----------------
[11-10-2023 18:14:43.763 INFO] - ------------ Test STARTED ------------
[11-10-2023 18:14:44.712 INFO] - Click link header menu item Books
[11-10-2023 18:14:44.719 INFO] - Verify String https://demowebshop.tricentis.com/books and https://demowebshop.tricentis.com/books
[11-10-2023 18:14:44.720 INFO] - Get all item's rating value to a list
[11-10-2023 18:14:44.764 INFO] - Sort rating value in list in DESC order
[11-10-2023 18:14:44.765 INFO] - Get current cart's quantity
[11-10-2023 18:14:44.783 INFO] - Add width: 59% via index to cart
[11-10-2023 18:14:45.887 INFO] - Get text of element //div[@id='bar-notification']//p
[11-10-2023 18:14:45.912 INFO] - Verify cart is increased
[11-10-2023 18:14:45.913 INFO] - Get current cart's quantity
[11-10-2023 18:14:45.923 INFO] - Verify if true is true
[11-10-2023 18:14:45.923 INFO] - Get current cart's quantity
[11-10-2023 18:14:45.933 INFO] - Add width: 55% via index to cart
[11-10-2023 18:14:47.030 INFO] - Get text of element //div[@id='bar-notification']//p
[11-10-2023 18:14:47.052 INFO] - Verify cart is increased
[11-10-2023 18:14:47.053 INFO] - Get current cart's quantity
[11-10-2023 18:14:47.064 INFO] - Verify if true is true
[11-10-2023 18:14:47.064 INFO] - Hover mouse on shopping cart
[11-10-2023 18:14:50.887 INFO] - Get all item name into a list
[11-10-2023 18:14:50.928 INFO] - Check if item is in the list
[11-10-2023 18:14:50.928 INFO] - Get current item names in shopping cart
[11-10-2023 18:14:50.949 INFO] - Verify if true is true
[11-10-2023 18:14:50.950 INFO] - --------------- TC02_Book_AddToCart_HighestRate SUCCESS -----------------
[11-10-2023 18:14:56.118 INFO] - ------------ Test STARTED ------------
[11-10-2023 18:14:56.126 INFO] - Verify String https://demowebshop.tricentis.com/ and https://demowebshop.tricentis.com/
[11-10-2023 18:14:56.126 INFO] - Get current cart's quantity
[11-10-2023 18:14:56.172 INFO] - Click dynamic feature product by index: 2
[11-10-2023 18:14:59.539 INFO] - Click link: //li[@id='topcartlink']/a[@class='ico-cart']
[11-10-2023 18:15:03.934 INFO] - Verify String https://demowebshop.tricentis.com/cart and https://demowebshop.tricentis.com/cart
[11-10-2023 18:15:03.934 INFO] - Decrease item quantity and update shopping cart btn
[11-10-2023 18:15:06.654 INFO] - Get current cart's quantity
[11-10-2023 18:15:06.670 INFO] - --------------- TC03_Remove_Item_Shopping_Cart SUCCESS -----------------
[11-10-2023 18:15:11.296 INFO] - ------------ Test STARTED ------------
[11-10-2023 18:15:11.304 INFO] - Verify String https://demowebshop.tricentis.com/ and https://demowebshop.tricentis.com/
[11-10-2023 18:15:12.842 INFO] - Click link header menu item Digital downloads
[11-10-2023 18:15:12.849 INFO] - Verify String https://demowebshop.tricentis.com/digital-downloads and https://demowebshop.tricentis.com/digital-downloads
[11-10-2023 18:15:12.849 INFO] - Get current cart's quantity
[11-10-2023 18:15:12.885 INFO] - Get item name: 3rd Album
[11-10-2023 18:15:12.899 INFO] - Get item price: 1.00
[11-10-2023 18:15:12.900 INFO] - Add item index: 1
[11-10-2023 18:15:12.936 INFO] - Get text of element //div[@id='bar-notification']//p
[11-10-2023 18:15:13.400 INFO] - Verify String The product has been added to your shopping cart and The product has been added to your shopping cart
[11-10-2023 18:15:13.400 INFO] - Verify cart is increased
[11-10-2023 18:15:13.400 INFO] - Get current cart's quantity
[11-10-2023 18:15:13.412 INFO] - Verify if true is true
[11-10-2023 18:15:13.412 INFO] - Click link: //li[@id='topcartlink']/a[@class='ico-cart']
[11-10-2023 18:15:18.425 INFO] - Get item quantity in index: 1
[11-10-2023 18:15:18.460 INFO] - Get item name: 1
[11-10-2023 18:15:18.463 INFO] - Verify String https://demowebshop.tricentis.com/cart and https://demowebshop.tricentis.com/cart
[11-10-2023 18:15:18.464 INFO] - Check term of service box
[11-10-2023 18:15:18.516 INFO] - Verify if true is true
[11-10-2023 18:15:18.516 INFO] - Click checkout button
[11-10-2023 18:15:19.270 INFO] - Verify String https://demowebshop.tricentis.com/login/checkoutasguest?returnUrl=%2Fcart and https://demowebshop.tricentis.com/login/checkoutasguest?returnUrl=%2Fcart
[11-10-2023 18:15:19.271 INFO] - Click checkout as guest button
[11-10-2023 18:15:20.358 INFO] - Verify String https://demowebshop.tricentis.com/onepagecheckout and https://demowebshop.tricentis.com/onepagecheckout
[11-10-2023 18:15:20.358 INFO] - Check billing address tab is displayed
[11-10-2023 18:15:20.374 INFO] - Verify if true is true
[11-10-2023 18:15:20.375 INFO] - Fill in billing address form
[11-10-2023 18:15:20.956 INFO] - Check payment method is displayed
[11-10-2023 18:15:22.035 INFO] - Verify if true is true
[11-10-2023 18:15:22.035 INFO] - Check is default method = 
[11-10-2023 18:15:22.061 INFO] - Verify if true is true
[11-10-2023 18:15:22.062 INFO] - Get Cash delivery method
[11-10-2023 18:15:22.074 INFO] - Get additional fee
[11-10-2023 18:15:22.084 INFO] - Click continue in tab: method
[11-10-2023 18:15:22.114 INFO] - Check payment information is displayed
[11-10-2023 18:15:22.677 INFO] - Verify if true is true
[11-10-2023 18:15:22.677 INFO] - Get text
[11-10-2023 18:15:22.700 INFO] - Verify String You will pay by COD and You will pay by COD
[11-10-2023 18:15:22.700 INFO] - Click continue in tab: info
[11-10-2023 18:15:22.729 INFO] - Check confirm order is displayed
[11-10-2023 18:15:23.281 INFO] - Verify if true is true
[11-10-2023 18:15:23.281 INFO] - Verify Billing Address information
[11-10-2023 18:15:23.281 INFO] - Get text
[11-10-2023 18:15:23.305 INFO] - Get text
[11-10-2023 18:15:23.337 INFO] - Get text
[11-10-2023 18:15:23.364 INFO] - Get text
[11-10-2023 18:15:23.392 INFO] - Get text
[11-10-2023 18:15:23.417 INFO] - Get text
[11-10-2023 18:15:23.444 INFO] - Get text
[11-10-2023 18:15:23.469 INFO] - Calculate subtotal price
[11-10-2023 18:15:23.471 INFO] - Calculate total price
[11-10-2023 18:15:23.471 INFO] - Verify product information
[11-10-2023 18:15:23.525 INFO] - Check total price is calculate correct
[11-10-2023 18:15:23.526 INFO] - Get text
[11-10-2023 18:15:23.549 INFO] - Check msg is display: 'Your order has been successfully processed!'
[11-10-2023 18:15:24.689 INFO] - Get text
[11-10-2023 18:15:25.558 INFO] - Verify String https://demowebshop.tricentis.com/ and https://demowebshop.tricentis.com/
[11-10-2023 18:15:25.558 INFO] - --------------- TC04_Buy_Digital_Item_Success SUCCESS -----------------
[11-10-2023 18:15:25.884 INFO] - ------------ Test FINISHED ------------
