[11-10-2023 19:37:44.520 INFO] - ------------ Test is starting ------------
[11-10-2023 19:38:05.040 INFO] - ------------ Test STARTED ------------
[11-10-2023 19:38:06.990 INFO] - Click link header menu item Books
[11-10-2023 19:38:07.020 INFO] - Verify String https://demowebshop.tricentis.com/books and https://demowebshop.tricentis.com/books
[11-10-2023 19:38:07.030 INFO] - Get all item's rating value to a list
[11-10-2023 19:38:07.222 INFO] - Sort rating value in list in DESC order
[11-10-2023 19:38:07.224 INFO] - Get current cart's quantity
[11-10-2023 19:38:07.280 INFO] - Add width: 59% via index to cart
[11-10-2023 19:38:08.577 INFO] - Get text of element //div[@id='bar-notification']//p
[11-10-2023 19:38:08.669 INFO] - Verify cart is increased
[11-10-2023 19:38:08.671 INFO] - Get current cart's quantity
[11-10-2023 19:38:08.705 INFO] - Verify if true is true
[11-10-2023 19:38:08.707 INFO] - Get current cart's quantity
[11-10-2023 19:38:08.743 INFO] - Add width: 55% via index to cart
[11-10-2023 19:38:10.039 INFO] - Get text of element //div[@id='bar-notification']//p
[11-10-2023 19:38:10.129 INFO] - Verify cart is increased
[11-10-2023 19:38:10.131 INFO] - Get current cart's quantity
[11-10-2023 19:38:10.167 INFO] - Verify if true is true
[11-10-2023 19:38:10.169 INFO] - Hover mouse on shopping cart
[11-10-2023 19:38:14.780 INFO] - Get all item name into a list
[11-10-2023 19:38:14.947 INFO] - Get current item names in shopping cart
[11-10-2023 19:38:15.023 INFO] - Check if item is in the list
[11-10-2023 19:38:15.025 INFO] - Get current item names in shopping cart
[11-10-2023 19:38:15.081 INFO] - Verify if true is true
[11-10-2023 19:38:15.091 INFO] - --------------- TC02_Book_AddToCart_HighestRate SUCCESS -----------------
[11-10-2023 19:38:15.784 INFO] - ------------ Test FINISHED ------------
