[11-10-2023 19:15:55.022 INFO] - ------------ Test is starting ------------
[11-10-2023 19:16:00.978 INFO] - ------------ Test STARTED ------------
[11-10-2023 19:16:02.016 INFO] - Click link header menu item Books
[11-10-2023 19:16:02.025 INFO] - Verify String https://demowebshop.tricentis.com/books and https://demowebshop.tricentis.com/books
[11-10-2023 19:16:02.027 INFO] - Get all item's rating value to a list
[11-10-2023 19:16:02.079 INFO] - Sort rating value in list in DESC order
[11-10-2023 19:16:02.080 INFO] - Get current cart's quantity
[11-10-2023 19:16:02.100 INFO] - Add width: 59% via index to cart
[11-10-2023 19:16:03.214 INFO] - Get text of element //div[@id='bar-notification']//p
[11-10-2023 19:16:03.244 INFO] - Verify cart is increased
[11-10-2023 19:16:03.244 INFO] - Get current cart's quantity
[11-10-2023 19:16:03.256 INFO] - Verify if true is true
[11-10-2023 19:16:03.257 INFO] - Get current cart's quantity
[11-10-2023 19:16:03.269 INFO] - Add width: 55% via index to cart
[11-10-2023 19:16:04.373 INFO] - Get text of element //div[@id='bar-notification']//p
[11-10-2023 19:16:04.399 INFO] - Verify cart is increased
[11-10-2023 19:16:04.399 INFO] - Get current cart's quantity
[11-10-2023 19:16:04.411 INFO] - Verify if true is true
[11-10-2023 19:16:04.411 INFO] - Hover mouse on shopping cart
[11-10-2023 19:16:08.256 INFO] - Get all item name into a list
[11-10-2023 19:16:08.301 INFO] - Get current item names in shopping cart
[11-10-2023 19:16:08.321 INFO] - Check if item is in the list
[11-10-2023 19:16:08.321 INFO] - Get current item names in shopping cart
[11-10-2023 19:16:08.338 INFO] - Get current item names in shopping cart
[11-10-2023 19:16:08.355 INFO] - Verify if false is true
[11-10-2023 19:16:08.358 INFO] - --------------- TC02_Book_AddToCart_HighestRate FAILED -----------------
[11-10-2023 19:16:08.601 INFO] - ------------ Test FINISHED ------------
