[11-10-2023 18:17:35.933 INFO] - ------------ Test is starting ------------
[11-10-2023 18:17:43.291 INFO] - ------------ Test STARTED ------------
[11-10-2023 18:17:43.322 INFO] - Click link: //a[@class='ico-login']
[11-10-2023 18:18:26.303 INFO] - Verify if true is true
[11-10-2023 18:18:26.310 INFO] - --------------- TC01_Login_Success SUCCESS -----------------
[11-10-2023 18:18:31.237 INFO] - ------------ Test STARTED ------------
[11-10-2023 18:18:31.241 INFO] - Click link: //a[@class='ico-login']
[11-10-2023 18:19:14.019 INFO] - Verify if true is true
[11-10-2023 18:19:14.020 INFO] - --------------- TC01_Login_Success SUCCESS -----------------
[11-10-2023 18:19:19.138 INFO] - ------------ Test STARTED ------------
[11-10-2023 18:19:19.140 INFO] - Click link: //a[@class='ico-login']
[11-10-2023 18:20:01.149 INFO] - Verify if true is true
[11-10-2023 18:20:01.150 INFO] - --------------- TC01_Login_Success SUCCESS -----------------
[11-10-2023 18:20:06.250 INFO] - ------------ Test STARTED ------------
[11-10-2023 18:20:06.252 INFO] - Click link: //a[@class='ico-login']
[11-10-2023 18:20:48.381 INFO] - Verify if true is true
[11-10-2023 18:20:48.382 INFO] - --------------- TC01_Login_Success SUCCESS -----------------
[11-10-2023 18:20:53.180 INFO] - ------------ Test STARTED ------------
[11-10-2023 18:20:53.182 INFO] - Click link: //a[@class='ico-login']
[11-10-2023 18:21:34.780 INFO] - Verify if true is true
[11-10-2023 18:21:34.780 INFO] - --------------- TC01_Login_Success SUCCESS -----------------
[11-10-2023 18:21:39.355 INFO] - ------------ Test STARTED ------------
[11-10-2023 18:21:39.357 INFO] - Click link: //a[@class='ico-login']
[11-10-2023 18:22:20.444 INFO] - Verify if true is true
[11-10-2023 18:22:20.444 INFO] - --------------- TC01_Login_Success SUCCESS -----------------
[11-10-2023 18:22:25.373 INFO] - ------------ Test STARTED ------------
[11-10-2023 18:22:26.338 INFO] - Click link header menu item Books
[11-10-2023 18:22:26.346 INFO] - Verify String https://demowebshop.tricentis.com/books and https://demowebshop.tricentis.com/books
[11-10-2023 18:22:26.346 INFO] - Get all item's rating value to a list
[11-10-2023 18:22:26.398 INFO] - Sort rating value in list in DESC order
[11-10-2023 18:22:26.399 INFO] - Get current cart's quantity
[11-10-2023 18:22:26.419 INFO] - Add width: 59% via index to cart
[11-10-2023 18:22:27.510 INFO] - Get text of element //div[@id='bar-notification']//p
[11-10-2023 18:22:27.540 INFO] - Verify cart is increased
[11-10-2023 18:22:27.541 INFO] - Get current cart's quantity
[11-10-2023 18:22:27.551 INFO] - Verify if true is true
[11-10-2023 18:22:27.551 INFO] - Get current cart's quantity
[11-10-2023 18:22:27.564 INFO] - Add width: 55% via index to cart
[11-10-2023 18:22:28.656 INFO] - Get text of element //div[@id='bar-notification']//p
[11-10-2023 18:22:28.680 INFO] - Verify cart is increased
[11-10-2023 18:22:28.680 INFO] - Get current cart's quantity
[11-10-2023 18:22:28.691 INFO] - Verify if true is true
[11-10-2023 18:22:28.691 INFO] - Hover mouse on shopping cart
[11-10-2023 18:22:32.506 INFO] - Get all item name into a list
[11-10-2023 18:22:32.554 INFO] - Check if item is in the list
[11-10-2023 18:22:32.555 INFO] - Get current item names in shopping cart
[11-10-2023 18:22:32.577 INFO] - Verify if true is true
[11-10-2023 18:22:32.587 INFO] - --------------- TC02_Book_AddToCart_HighestRate SUCCESS -----------------
[11-10-2023 18:22:37.201 INFO] - ------------ Test STARTED ------------
[11-10-2023 18:22:37.210 INFO] - Verify String https://demowebshop.tricentis.com/ and https://demowebshop.tricentis.com/
[11-10-2023 18:22:37.211 INFO] - Get current cart's quantity
[11-10-2023 18:22:37.250 INFO] - Click dynamic feature product by index: 2
[11-10-2023 18:22:41.143 INFO] - Click link: //li[@id='topcartlink']/a[@class='ico-cart']
[11-10-2023 18:22:45.153 INFO] - Verify String https://demowebshop.tricentis.com/cart and https://demowebshop.tricentis.com/cart
[11-10-2023 18:22:45.153 INFO] - Decrease item quantity and update shopping cart btn
[11-10-2023 18:22:47.977 INFO] - Get current cart's quantity
[11-10-2023 18:22:47.992 INFO] - --------------- TC03_Remove_Item_Shopping_Cart SUCCESS -----------------
[11-10-2023 18:22:52.664 INFO] - ------------ Test STARTED ------------
[11-10-2023 18:22:52.676 INFO] - Verify String https://demowebshop.tricentis.com/ and https://demowebshop.tricentis.com/
[11-10-2023 18:22:53.976 INFO] - Click link header menu item Digital downloads
[11-10-2023 18:22:53.981 INFO] - Verify String https://demowebshop.tricentis.com/digital-downloads and https://demowebshop.tricentis.com/digital-downloads
[11-10-2023 18:22:53.981 INFO] - Get current cart's quantity
[11-10-2023 18:22:54.012 INFO] - Get item name: 3rd Album
[11-10-2023 18:22:54.028 INFO] - Get item price: 1.00
[11-10-2023 18:22:54.029 INFO] - Add item index: 1
[11-10-2023 18:22:54.065 INFO] - Get text of element //div[@id='bar-notification']//p
[11-10-2023 18:22:54.536 INFO] - Verify String The product has been added to your shopping cart and The product has been added to your shopping cart
[11-10-2023 18:22:54.537 INFO] - Verify cart is increased
[11-10-2023 18:22:54.537 INFO] - Get current cart's quantity
[11-10-2023 18:22:54.547 INFO] - Verify if true is true
[11-10-2023 18:22:54.547 INFO] - Click link: //li[@id='topcartlink']/a[@class='ico-cart']
[11-10-2023 18:22:59.460 INFO] - Get item quantity in index: 1
[11-10-2023 18:22:59.493 INFO] - Get item name: 1
[11-10-2023 18:22:59.497 INFO] - Verify String https://demowebshop.tricentis.com/cart and https://demowebshop.tricentis.com/cart
[11-10-2023 18:22:59.497 INFO] - Check term of service box
[11-10-2023 18:22:59.553 INFO] - Verify if true is true
[11-10-2023 18:22:59.554 INFO] - Click checkout button
[11-10-2023 18:23:00.515 INFO] - Verify String https://demowebshop.tricentis.com/login/checkoutasguest?returnUrl=%2Fcart and https://demowebshop.tricentis.com/login/checkoutasguest?returnUrl=%2Fcart
[11-10-2023 18:23:00.515 INFO] - Click checkout as guest button
[11-10-2023 18:23:01.664 INFO] - Verify String https://demowebshop.tricentis.com/onepagecheckout and https://demowebshop.tricentis.com/onepagecheckout
[11-10-2023 18:23:01.664 INFO] - Check billing address tab is displayed
[11-10-2023 18:23:01.681 INFO] - Verify if true is true
[11-10-2023 18:23:01.681 INFO] - Fill in billing address form
[11-10-2023 18:23:02.262 INFO] - Check payment method is displayed
[11-10-2023 18:23:03.346 INFO] - Verify if true is true
[11-10-2023 18:23:03.347 INFO] - Check is default method = 'Cash On Delivery'
[11-10-2023 18:23:03.376 INFO] - Verify if true is true
[11-10-2023 18:23:03.376 INFO] - Get Cash delivery method
[11-10-2023 18:23:03.392 INFO] - Get additional fee
[11-10-2023 18:23:03.404 INFO] - Click continue in tab: method
[11-10-2023 18:23:03.434 INFO] - Check payment information is displayed
[11-10-2023 18:23:03.991 INFO] - Verify if true is true
[11-10-2023 18:23:04.015 INFO] - Get text: 'You will pay by COD'
[11-10-2023 18:23:04.016 INFO] - Verify String You will pay by COD and You will pay by COD
[11-10-2023 18:23:04.016 INFO] - Click continue in tab: info
[11-10-2023 18:23:04.046 INFO] - Check confirm order is displayed
[11-10-2023 18:23:04.601 INFO] - Verify if true is true
[11-10-2023 18:23:04.601 INFO] - Verify Billing Address information
[11-10-2023 18:23:04.626 INFO] - Get text: 'German Kub'
[11-10-2023 18:23:04.650 INFO] - Get text: 'Email: maira.welch@gmail.com'
[11-10-2023 18:23:04.672 INFO] - Get text: 'Phone: (110) 173-2827 x75009'
[11-10-2023 18:23:04.697 INFO] - Get text: 'Apt. 612 097 Yesenia Drive, Lake Ericstad, AR 92619'
[11-10-2023 18:23:04.720 INFO] - Get text: 'East Keenan , 94274'
[11-10-2023 18:23:04.743 INFO] - Get text: 'Viet Nam'
[11-10-2023 18:23:04.767 INFO] - Get text: 'Cash On Delivery (COD)'
[11-10-2023 18:23:04.768 INFO] - Calculate subtotal price
[11-10-2023 18:23:04.768 INFO] - Calculate total price
[11-10-2023 18:23:04.769 INFO] - Verify product information
[11-10-2023 18:23:04.825 INFO] - Check total price is calculate correct
[11-10-2023 18:23:04.850 INFO] - Get text: '8.00'
[11-10-2023 18:23:04.850 INFO] - Check msg is display: 'Your order has been successfully processed!'
[11-10-2023 18:23:06.539 INFO] - Get text: 'Your order has been successfully processed!'
[11-10-2023 18:23:07.210 INFO] - Verify String https://demowebshop.tricentis.com/ and https://demowebshop.tricentis.com/
[11-10-2023 18:23:07.211 INFO] - --------------- TC04_Buy_Digital_Item_Success SUCCESS -----------------
[11-10-2023 18:23:07.552 INFO] - ------------ Test FINISHED ------------
